[2020-10-19 12:41:51,096] - Starting ppr2 for k=0.1
[2020-10-19 12:41:51,096] - Loading DBPedia
[2020-10-19 12:46:54,146] - Loaded DBPedia
experiments.py:334: VisibleDeprecationWarning: using a non-integer number instead of an integer will result in an error in the future
  indexes = np.argpartition(ppr_v, -k)[-k:]
[2020-10-19 12:48:39,001] -       Summary  accuracy 0.897911666667%
[2020-10-19 12:50:19,157] -       Summary  accuracy 0.973990929705%
[2020-10-19 12:52:00,053] -       Summary  accuracy 1.0%
[2020-10-19 12:53:40,941] -       Summary  accuracy 0.992810457516%
[2020-10-19 12:55:21,509] -       Summary  accuracy 0.9625%
[2020-10-19 12:57:02,358] -       Summary  accuracy 0.850309916978%
[2020-10-19 12:58:42,984] -       Summary  accuracy 1.0%
[2020-10-19 13:00:23,842] -       Summary  accuracy 0.859660752823%
[2020-10-19 13:02:04,767] -       Summary  accuracy 0.903002968628%
[2020-10-19 13:03:50,102] -       Summary  accuracy 0.736825396825%
[2020-10-19 13:05:37,151] -       Summary  accuracy 0.934065934066%
[2020-10-19 13:07:24,424] -       Summary  accuracy 1.0%
[2020-10-19 13:09:09,165] -       Summary  accuracy 0.94395711501%
[2020-10-19 13:10:50,090] -       Summary  accuracy 0.919909458662%
[2020-10-19 13:12:30,934] -       Summary  accuracy 1.0%
[2020-10-19 13:12:30,936] - Done
loading from: ../dbpedia3.9/
Loaded: <_io.TextIOWrapper name='../dbpedia3.9//long_abstract_en_mod.nt.gz' encoding='UTF-8'>
Loaded: <_io.TextIOWrapper name='../dbpedia3.9//topical_concepts_en.nt.gz' encoding='UTF-8'>
Loaded: <_io.TextIOWrapper name='../dbpedia3.9//mappingbased_properties_en.nt.gz' encoding='UTF-8'>
Loaded: <_io.TextIOWrapper name='../dbpedia3.9//instance_types_en.nt.gz' encoding='UTF-8'>
Loaded: <_io.TextIOWrapper name='../dbpedia3.9//persondata_en.nt.gz' encoding='UTF-8'>
Loaded: <_io.TextIOWrapper name='../dbpedia3.9//article_categories_en.nt.gz' encoding='UTF-8'>
Loaded: <_io.TextIOWrapper name='../dbpedia3.9//geo_coordinates_en.nt.gz' encoding='UTF-8'>
Loaded: <_io.TextIOWrapper name='../dbpedia3.9//category_labels_en.nt.gz' encoding='UTF-8'>
