[2020-10-19 13:14:31,793] - Loading DBPedia
[2020-10-19 13:19:46,370] - Loaded DBPedia
[2020-10-19 13:19:46,370] - Number of relationships: 686
[2020-10-19 13:19:48,351] - NO entity or relation: <http://dbpedia.org/ontology/abstract>
[2020-10-19 13:19:48,351] - NO entity or relation: <http://xmlns.com/foaf/0.1/name>
[2020-10-19 13:19:48,351] - NO entity or relation: <http://dbpedia.org/ontology/gross>
[2020-10-19 13:19:48,351] - NO entity or relation: <http://dbpedia.org/ontology/runtime>
[2020-10-19 13:19:48,351] - NO entity or relation: <http://xmlns.com/foaf/0.1/name>
[2020-10-19 13:19:48,351] - NO entity or relation: <http://xmlns.com/foaf/0.1/surname>
[2020-10-19 13:19:48,351] - NO entity or relation: <http://dbpedia.org/ontology/abstract>
[2020-10-19 13:19:48,351] - NO entity or relation: <http://purl.org/dc/elements/1.1/description>
[2020-10-19 13:19:48,351] - NO entity or relation: <http://xmlns.com/foaf/0.1/givenName>
[2020-10-19 13:19:48,351] - NO entity or relation: <http://xmlns.com/foaf/0.1/name>
[2020-10-19 13:19:48,351] - NO entity or relation: <http://xmlns.com/foaf/0.1/surname>
[2020-10-19 13:19:48,351] - NO entity or relation: <http://www.georss.org/georss/point>
[2020-10-19 13:19:48,351] - NO entity or relation: <http://xmlns.com/foaf/0.1/name>
[2020-10-19 13:19:48,351] - NO entity or relation: <http://xmlns.com/foaf/0.1/name>
[2020-10-19 13:19:48,351] - NO entity or relation: <http://xmlns.com/foaf/0.1/surname>
[2020-10-19 13:19:48,352] - NO entity or relation: <http://xmlns.com/foaf/0.1/name>
[2020-10-19 13:19:48,352] - NO entity or relation: <http://xmlns.com/foaf/0.1/name>
[2020-10-19 13:19:48,352] - NO entity or relation: <http://xmlns.com/foaf/0.1/name>
[2020-10-19 13:19:48,352] - NO entity or relation: <http://www.georss.org/georss/point>
[2020-10-19 13:19:48,352] - NO entity or relation: <http://xmlns.com/foaf/0.1/name>
[2020-10-19 13:19:48,352] - NO entity or relation: <http://www.georss.org/georss/point>
[2020-10-19 13:19:48,352] - NO entity or relation: <http://www.georss.org/georss/point>
[2020-10-19 13:19:48,352] - NO entity or relation: <http://xmlns.com/foaf/0.1/name>
[2020-10-19 13:19:48,352] - NO entity or relation: <http://xmlns.com/foaf/0.1/name>
[2020-10-19 13:19:48,352] - NO entity or relation: <http://xmlns.com/foaf/0.1/name>
[2020-10-19 13:19:48,352] - NO entity or relation: <http://xmlns.com/foaf/0.1/name>
[2020-10-19 13:19:48,352] - NO entity or relation: <http://www.georss.org/georss/point>
[2020-10-19 13:19:48,352] - NO entity or relation: <http://xmlns.com/foaf/0.1/name>
[2020-10-19 13:19:48,352] - NO entity or relation: <http://xmlns.com/foaf/0.1/name>
[2020-10-19 13:19:48,353] - NO entity or relation: <http://www.georss.org/georss/point>
[2020-10-19 13:19:48,353] - NO entity or relation: <http://xmlns.com/foaf/0.1/name>
[2020-10-19 13:19:48,353] - NO entity or relation: <http://xmlns.com/foaf/0.1/name>
[2020-10-19 13:19:48,353] - NO entity or relation: <http://dbpedia.org/ontology/abstract>
[2020-10-19 13:19:48,353] - NO entity or relation: <http://dbpedia.org/ontology/leaderTitle>
[2020-10-19 13:19:48,353] - NO entity or relation: <http://dbpedia.org/ontology/leaderTitle>
[2020-10-19 13:19:48,353] - NO entity or relation: <http://dbpedia.org/ontology/longName>
[2020-10-19 13:19:48,353] - NO entity or relation: <http://www.georss.org/georss/point>
[2020-10-19 13:19:48,353] - NO entity or relation: <http://xmlns.com/foaf/0.1/name>
[2020-10-19 13:19:48,353] - NO entity or relation: <http://www.georss.org/georss/point>
[2020-10-19 13:19:48,353] - NO entity or relation: <http://xmlns.com/foaf/0.1/name>
[2020-10-19 13:19:48,353] - NO entity or relation: <http://xmlns.com/foaf/0.1/name>
[2020-10-19 13:19:48,353] - NO entity or relation: <http://xmlns.com/foaf/0.1/name>
[2020-10-19 13:19:48,353] - NO entity or relation: <http://xmlns.com/foaf/0.1/surname>
[2020-10-19 13:19:48,353] - NO entity or relation: <http://xmlns.com/foaf/0.1/name>
[2020-10-19 13:19:48,353] - NO entity or relation: <http://xmlns.com/foaf/0.1/name>
[2020-10-19 13:19:48,353] - NO entity or relation: <http://www.georss.org/georss/point>
[2020-10-19 13:19:48,353] - NO entity or relation: <http://xmlns.com/foaf/0.1/name>
[2020-10-19 13:19:48,353] - NO entity or relation: <http://xmlns.com/foaf/0.1/name>
[2020-10-19 13:19:48,353] - NO entity or relation: <http://www.georss.org/georss/point>
[2020-10-19 13:19:48,353] - NO entity or relation: <http://xmlns.com/foaf/0.1/name>
[2020-10-19 13:19:48,353] - NO entity or relation: <http://xmlns.com/foaf/0.1/name>
[2020-10-19 13:19:48,354] - NO entity or relation: <http://www.georss.org/georss/point>
[2020-10-19 13:19:48,354] - NO entity or relation: <http://xmlns.com/foaf/0.1/name>
[2020-10-19 13:19:48,354] - NO entity or relation: <http://www.georss.org/georss/point>
[2020-10-19 13:19:48,354] - NO entity or relation: <http://xmlns.com/foaf/0.1/name>
[2020-10-19 13:19:48,354] - NO entity or relation: <http://xmlns.com/foaf/0.1/name>
[2020-10-19 13:19:48,354] - NO entity or relation: <http://xmlns.com/foaf/0.1/surname>
[2020-10-19 13:19:48,354] - NO entity or relation: <http://xmlns.com/foaf/0.1/name>
[2020-10-19 13:19:48,354] - NO entity or relation: <http://xmlns.com/foaf/0.1/name>
[2020-10-19 13:19:48,354] - NO entity or relation: <http://xmlns.com/foaf/0.1/name>
[2020-10-19 13:19:48,354] - NO entity or relation: <http://xmlns.com/foaf/0.1/name>
[2020-10-19 13:19:48,355] - NO entity or relation: <http://www.georss.org/georss/point>
[2020-10-19 13:19:48,355] - NO entity or relation: <http://xmlns.com/foaf/0.1/name>
[2020-10-19 13:19:48,355] - NO entity or relation: <http://xmlns.com/foaf/0.1/name>
[2020-10-19 13:19:48,355] - NO entity or relation: <http://xmlns.com/foaf/0.1/surname>
[2020-10-19 13:19:48,355] - NO entity or relation: <http://xmlns.com/foaf/0.1/name>
[2020-10-19 13:19:48,355] - NO entity or relation: <http://xmlns.com/foaf/0.1/surname>
[2020-10-19 13:19:48,355] - NO entity or relation: <http://xmlns.com/foaf/0.1/name>
[2020-10-19 13:19:48,355] - NO entity or relation: <http://xmlns.com/foaf/0.1/name>
[2020-10-19 13:19:48,355] - NO entity or relation: <http://xmlns.com/foaf/0.1/name>
[2020-10-19 13:19:48,355] - NO entity or relation: <http://xmlns.com/foaf/0.1/name>
[2020-10-19 13:19:48,355] - NO entity or relation: <http://xmlns.com/foaf/0.1/name>
[2020-10-19 13:19:48,356] - NO entity or relation: <http://xmlns.com/foaf/0.1/name>
[2020-10-19 13:19:48,356] - NO entity or relation: <http://xmlns.com/foaf/0.1/surname>
[2020-10-19 13:19:48,356] - NO entity or relation: <http://xmlns.com/foaf/0.1/name>
[2020-10-19 13:19:48,356] - NO entity or relation: <http://xmlns.com/foaf/0.1/name>
[2020-10-19 13:19:48,356] - NO entity or relation: <http://xmlns.com/foaf/0.1/name>
[2020-10-19 13:19:48,356] - NO entity or relation: <http://xmlns.com/foaf/0.1/surname>
[2020-10-19 13:19:48,356] - NO entity or relation: <http://xmlns.com/foaf/0.1/name>
[2020-10-19 13:19:48,356] - NO entity or relation: <http://xmlns.com/foaf/0.1/surname>
[2020-10-19 13:19:48,356] - NO entity or relation: <http://xmlns.com/foaf/0.1/name>
[2020-10-19 13:19:48,356] - NO entity or relation: <http://xmlns.com/foaf/0.1/surname>
[2020-10-19 13:19:48,356] - NO entity or relation: <http://xmlns.com/foaf/0.1/name>
[2020-10-19 13:19:48,356] - NO entity or relation: <http://xmlns.com/foaf/0.1/name>
[2020-10-19 13:19:48,356] - NO entity or relation: <http://xmlns.com/foaf/0.1/surname>
[2020-10-19 13:19:48,356] - NO entity or relation: <http://xmlns.com/foaf/0.1/name>
[2020-10-19 13:19:48,357] - NO entity or relation: <http://xmlns.com/foaf/0.1/surname>
[2020-10-19 13:19:48,357] - NO entity or relation: <http://xmlns.com/foaf/0.1/name>
[2020-10-19 13:19:48,357] - NO entity or relation: <http://xmlns.com/foaf/0.1/surname>
[2020-10-19 13:19:48,357] - NO entity or relation: <http://xmlns.com/foaf/0.1/name>
[2020-10-19 13:19:48,357] - NO entity or relation: <http://xmlns.com/foaf/0.1/surname>
[2020-10-19 13:19:48,357] - NO entity or relation: <http://xmlns.com/foaf/0.1/name>
[2020-10-19 13:19:48,357] - NO entity or relation: <http://xmlns.com/foaf/0.1/surname>
[2020-10-19 13:19:48,357] - NO entity or relation: <http://xmlns.com/foaf/0.1/name>
[2020-10-19 13:19:48,357] - NO entity or relation: <http://xmlns.com/foaf/0.1/name>
[2020-10-19 13:19:48,357] - NO entity or relation: <http://xmlns.com/foaf/0.1/surname>
[2020-10-19 13:19:48,357] - NO entity or relation: <http://xmlns.com/foaf/0.1/name>
[2020-10-19 13:19:48,357] - NO entity or relation: <http://xmlns.com/foaf/0.1/surname>
[2020-10-19 13:19:48,357] - NO entity or relation: <http://dbpedia.org/ontology/abstract>
[2020-10-19 13:19:48,357] - NO entity or relation: <http://xmlns.com/foaf/0.1/givenName>
[2020-10-19 13:19:48,357] - NO entity or relation: <http://xmlns.com/foaf/0.1/name>
[2020-10-19 13:19:48,357] - NO entity or relation: <http://xmlns.com/foaf/0.1/surname>
[2020-10-19 13:19:48,357] - NO entity or relation: <http://xmlns.com/foaf/0.1/name>
[2020-10-19 13:19:48,357] - NO entity or relation: <http://xmlns.com/foaf/0.1/surname>
[2020-10-19 13:19:48,358] - NO entity or relation: <http://xmlns.com/foaf/0.1/name>
[2020-10-19 13:19:48,358] - NO entity or relation: <http://xmlns.com/foaf/0.1/surname>
[2020-10-19 13:19:48,358] - NO entity or relation: <http://xmlns.com/foaf/0.1/name>
[2020-10-19 13:19:48,358] - NO entity or relation: <http://xmlns.com/foaf/0.1/surname>
[2020-10-19 13:19:48,358] - NO entity or relation: <http://xmlns.com/foaf/0.1/name>
[2020-10-19 13:19:48,358] - NO entity or relation: <http://xmlns.com/foaf/0.1/name>
[2020-10-19 13:19:48,358] - NO entity or relation: <http://xmlns.com/foaf/0.1/surname>
[2020-10-19 13:19:48,358] - NO entity or relation: <http://xmlns.com/foaf/0.1/name>
[2020-10-19 13:19:48,358] - NO entity or relation: <http://xmlns.com/foaf/0.1/surname>
[2020-10-19 13:19:48,358] - NO entity or relation: <http://xmlns.com/foaf/0.1/name>
[2020-10-19 13:19:48,358] - NO entity or relation: <http://xmlns.com/foaf/0.1/surname>
[2020-10-19 13:19:48,358] - NO entity or relation: <http://xmlns.com/foaf/0.1/name>
[2020-10-19 13:19:48,358] - NO entity or relation: <http://xmlns.com/foaf/0.1/surname>
[2020-10-19 13:19:48,358] - NO entity or relation: <http://xmlns.com/foaf/0.1/name>
[2020-10-19 13:19:48,358] - NO entity or relation: <http://xmlns.com/foaf/0.1/surname>
[2020-10-19 13:19:48,359] - NO entity or relation: <http://www.w3.org/2000/01/rdf-schema#label>
[2020-10-19 13:19:48,359] - NO entity or relation: <http://www.w3.org/2000/01/rdf-schema#label>
[2020-10-19 13:19:48,359] - NO entity or relation: <http://www.w3.org/2000/01/rdf-schema#label>
[2020-10-19 13:19:48,359] - NO entity or relation: <http://www.w3.org/2000/01/rdf-schema#label>
[2020-10-19 13:19:48,359] - NO entity or relation: <http://www.w3.org/2000/01/rdf-schema#label>
[2020-10-19 13:19:48,359] - NO entity or relation: <http://www.w3.org/2000/01/rdf-schema#label>
[2020-10-19 13:19:48,359] - NO entity or relation: <http://www.w3.org/2000/01/rdf-schema#label>
[2020-10-19 13:19:48,359] - NO entity or relation: <http://www.w3.org/2000/01/rdf-schema#label>
[2020-10-19 13:19:48,359] - NO entity or relation: <http://www.w3.org/2000/01/rdf-schema#label>
[2020-10-19 13:19:48,359] - NO entity or relation: <http://www.w3.org/2000/01/rdf-schema#label>
[2020-10-19 13:19:48,359] - NO entity or relation: <http://www.w3.org/2000/01/rdf-schema#label>
[2020-10-19 13:19:48,359] - NO entity or relation: <http://www.w3.org/2000/01/rdf-schema#label>
[2020-10-19 13:19:48,359] - NO entity or relation: <http://www.w3.org/2000/01/rdf-schema#label>
[2020-10-19 13:19:48,359] - NO entity or relation: <http://www.w3.org/2000/01/rdf-schema#label>
[2020-10-19 13:19:48,359] - NO entity or relation: <http://www.w3.org/2000/01/rdf-schema#label>
[2020-10-19 13:19:48,359] - NO entity or relation: <http://www.w3.org/2000/01/rdf-schema#label>
[2020-10-19 13:19:48,359] - NO entity or relation: <http://www.w3.org/2000/01/rdf-schema#label>
[2020-10-19 13:19:48,360] - NO entity or relation: <http://www.w3.org/2000/01/rdf-schema#label>
[2020-10-19 13:19:48,360] - NO entity or relation: <http://www.w3.org/2000/01/rdf-schema#label>
[2020-10-19 13:19:48,360] - NO entity or relation: <http://www.w3.org/2000/01/rdf-schema#label>
[2020-10-19 13:19:48,360] - NO entity or relation: <http://www.w3.org/2000/01/rdf-schema#label>
[2020-10-19 13:19:48,360] - NO entity or relation: <http://www.w3.org/2000/01/rdf-schema#label>
[2020-10-19 13:19:48,360] - NO entity or relation: <http://www.w3.org/2000/01/rdf-schema#label>
[2020-10-19 13:19:48,360] - NO entity or relation: <http://www.w3.org/2000/01/rdf-schema#label>
[2020-10-19 13:19:48,360] - NO entity or relation: <http://www.w3.org/2000/01/rdf-schema#label>
[2020-10-19 13:19:48,360] - NO entity or relation: <http://www.w3.org/2000/01/rdf-schema#label>
[2020-10-19 13:19:48,360] - NO entity or relation: <http://www.w3.org/2000/01/rdf-schema#label>
[2020-10-19 13:19:48,360] - NO entity or relation: <http://www.w3.org/2000/01/rdf-schema#label>
[2020-10-19 13:19:48,360] - NO entity or relation: <http://www.w3.org/2000/01/rdf-schema#label>
[2020-10-19 13:19:48,360] - NO entity or relation: <http://www.w3.org/2000/01/rdf-schema#label>
[2020-10-19 13:19:48,360] - NO entity or relation: <http://www.w3.org/2000/01/rdf-schema#label>
[2020-10-19 13:19:48,360] - NO entity or relation: <http://www.w3.org/2000/01/rdf-schema#label>
[2020-10-19 13:19:48,360] - NO entity or relation: <http://www.w3.org/2000/01/rdf-schema#label>
[2020-10-19 13:19:48,360] - NO entity or relation: <http://www.w3.org/2000/01/rdf-schema#label>
[2020-10-19 13:19:48,360] - NO entity or relation: <http://www.w3.org/2000/01/rdf-schema#label>
[2020-10-19 13:19:48,360] - NO entity or relation: <http://www.w3.org/2000/01/rdf-schema#label>
[2020-10-19 13:19:48,360] - NO entity or relation: <http://www.w3.org/2000/01/rdf-schema#label>
[2020-10-19 13:19:48,360] - NO entity or relation: <http://www.w3.org/2000/01/rdf-schema#label>
[2020-10-19 13:19:48,360] - NO entity or relation: <http://www.w3.org/2000/01/rdf-schema#label>
[2020-10-19 13:19:48,360] - NO entity or relation: <http://www.w3.org/2000/01/rdf-schema#label>
[2020-10-19 13:19:48,360] - NO entity or relation: <http://www.w3.org/2000/01/rdf-schema#label>
[2020-10-19 13:19:48,360] - NO entity or relation: <http://www.w3.org/2000/01/rdf-schema#label>
[2020-10-19 13:19:48,361] - NO entity or relation: <http://www.w3.org/2000/01/rdf-schema#label>
[2020-10-19 13:19:48,361] - NO entity or relation: <http://www.w3.org/2000/01/rdf-schema#label>
[2020-10-19 13:19:48,361] - NO entity or relation: <http://www.w3.org/2000/01/rdf-schema#label>
[2020-10-19 13:19:48,361] - NO entity or relation: <http://www.w3.org/2000/01/rdf-schema#label>
[2020-10-19 13:19:48,361] - NO entity or relation: <http://www.w3.org/2000/01/rdf-schema#label>
[2020-10-19 13:19:48,361] - NO entity or relation: <http://www.w3.org/2000/01/rdf-schema#label>
[2020-10-19 13:19:48,361] - NO entity or relation: <http://www.w3.org/2000/01/rdf-schema#label>
[2020-10-19 13:19:48,361] - NO entity or relation: <http://www.w3.org/2000/01/rdf-schema#label>
[2020-10-19 13:19:48,361] - NO entity or relation: <http://www.w3.org/2000/01/rdf-schema#label>
[2020-10-19 13:19:48,361] - NO entity or relation: <http://www.w3.org/2000/01/rdf-schema#label>
[2020-10-19 13:19:48,361] - NO entity or relation: <http://www.w3.org/2000/01/rdf-schema#label>
[2020-10-19 13:19:48,361] - NO entity or relation: <http://www.w3.org/2000/01/rdf-schema#label>
[2020-10-19 13:19:48,361] - NO entity or relation: <http://www.w3.org/2000/01/rdf-schema#label>
[2020-10-19 13:19:48,388] - NO entity or relation: <http://www.w3.org/2000/01/rdf-schema#label>
[2020-10-19 13:19:48,388] - NO entity or relation: <http://dbpedia.org/ontology/reopeningDate>
[2020-10-19 13:19:48,388] - NO entity or relation: <http://dbpedia.org/ontology/projectBudgetFunding>
[2020-10-19 13:19:48,388] - NO entity or relation: <http://dbpedia.org/ontology/projectBudgetTotal>
[2020-10-19 13:19:48,388] - NO entity or relation: <http://dbpedia.org/ontology/projectEndDate>
[2020-10-19 13:19:48,388] - NO entity or relation: <http://dbpedia.org/ontology/projectKeyword>
[2020-10-19 13:19:48,388] - NO entity or relation: <http://dbpedia.org/ontology/projectObjective>
[2020-10-19 13:19:48,388] - NO entity or relation: <http://dbpedia.org/ontology/projectReferenceID>
[2020-10-19 13:19:48,388] - NO entity or relation: <http://dbpedia.org/ontology/projectStartDate>
[2020-10-19 13:19:48,388] - NO entity or relation: <http://dbpedia.org/ontology/projectType>
[2020-10-19 13:19:48,388] - NO entity or relation: <http://dbpedia.org/ontology/argueDate>
[2020-10-19 13:19:48,388] - NO entity or relation: <http://www.w3.org/2003/01/geo/wgs84_pos#lat>
[2020-10-19 13:19:48,388] - NO entity or relation: <http://www.w3.org/2003/01/geo/wgs84_pos#long>
[2020-10-19 13:19:48,388] - NO entity or relation: <http://dbpedia.org/ontology/foundingDate>
[2020-10-19 13:19:48,388] - NO entity or relation: <http://dbpedia.org/ontology/birthDate>
[2020-10-19 13:19:48,388] - NO entity or relation: <http://dbpedia.org/ontology/abstract>
[2020-10-19 13:19:48,388] - NO entity or relation: <http://dbpedia.org/ontology/activeYearsStartDate>
[2020-10-19 13:19:48,389] - NO entity or relation: <http://www.georss.org/georss/point>
[2020-10-19 13:19:48,389] - NO entity or relation: <http://xmlns.com/foaf/0.1/surname>
[2020-10-19 13:19:48,389] - NO entity or relation: <http://xmlns.com/foaf/0.1/name>
[2020-10-19 13:19:48,389] - NO entity or relation: <http://dbpedia.org/ontology/releaseDate>
[2020-10-19 13:19:48,389] - NO entity or relation: <http://purl.org/dc/elements/1.1/description>
[2020-10-19 13:19:48,389] - NO entity or relation: <http://xmlns.com/foaf/0.1/givenName>
[2020-10-19 13:19:48,389] - NO entity or relation: <http://dbpedia.org/ontology/populationUrban>
[2020-10-19 13:19:48,389] - NO entity or relation: <http://dbpedia.org/ontology/deathDate>
[2020-10-19 13:19:48,389] - NO entity or relation: <http://dbpedia.org/ontology/name>
[2020-10-19 13:19:48,389] - NO entity or relation: <http://dbpedia.org/ontology/title>
[2020-10-19 13:19:48,389] - NO entity or relation: <http://dbpedia.org/ontology/birthName>
[2020-10-19 13:19:48,389] - NO entity or relation: <http://dbpedia.org/ontology/activeYearsStartYear>
[2020-10-19 13:19:48,389] - NO entity or relation: <http://dbpedia.org/ontology/conservationStatus>
[2020-10-19 13:19:48,389] - NO entity or relation: <http://dbpedia.org/ontology/alias>
[2020-10-19 13:19:48,389] - NO entity or relation: <http://dbpedia.org/ontology/salary>
[2020-10-19 13:19:48,389] - NO entity or relation: <http://dbpedia.org/ontology/status>
[2020-10-19 13:19:48,389] - NO entity or relation: <http://dbpedia.org/ontology/championships>
[2020-10-19 13:19:48,389] - NO entity or relation: <http://dbpedia.org/ontology/populationTotal>
[2020-10-19 13:19:48,389] - NO entity or relation: <http://dbpedia.org/ontology/populationMetro>
[2020-10-19 13:19:48,389] - NO entity or relation: <http://dbpedia.org/ontology/elevation>
[2020-10-19 13:19:48,389] - NO entity or relation: <http://dbpedia.org/ontology/acceleration>
[2020-10-19 13:19:48,389] - NO entity or relation: <http://dbpedia.org/ontology/barPassRate>
[2020-10-19 13:19:48,389] - NO entity or relation: <http://dbpedia.org/ontology/buildingEndYear>
[2020-10-19 13:19:48,389] - NO entity or relation: <http://dbpedia.org/ontology/buildingStartYear>
[2020-10-19 13:19:48,389] - NO entity or relation: <http://dbpedia.org/ontology/classes>
[2020-10-19 13:19:48,389] - NO entity or relation: <http://dbpedia.org/ontology/dateAct>
[2020-10-19 13:19:48,389] - NO entity or relation: <http://dbpedia.org/ontology/firstGame>
[2020-10-19 13:19:48,389] - NO entity or relation: <http://dbpedia.org/ontology/isPartOfRoute>
[2020-10-19 13:19:48,389] - NO entity or relation: <http://dbpedia.org/ontology/largestWin>
[2020-10-19 13:19:48,389] - NO entity or relation: <http://dbpedia.org/ontology/abstract>
[2020-10-19 13:19:48,389] - NO entity or relation: <http://dbpedia.org/ontology/numberBuilt>
[2020-10-19 13:19:48,389] - NO entity or relation: <http://dbpedia.org/ontology/productionStartYear>
[2020-10-19 13:19:48,389] - NO entity or relation: <http://dbpedia.org/ontology/abstract>
[2020-10-19 13:19:48,389] - NO entity or relation: <http://dbpedia.org/ontology/numberBuilt>
[2020-10-19 13:19:48,389] - NO entity or relation: <http://dbpedia.org/ontology/productionStartYear>
[2020-10-19 13:19:48,389] - NO entity or relation: <http://dbpedia.org/ontology/abstract>
[2020-10-19 13:19:48,389] - NO entity or relation: <http://dbpedia.org/ontology/numberBuilt>
[2020-10-19 13:19:48,389] - NO entity or relation: <http://dbpedia.org/ontology/productionStartYear>
[2020-10-19 13:19:48,389] - NO entity or relation: <http://dbpedia.org/ontology/abstract>
[2020-10-19 13:19:48,390] - NO entity or relation: <http://dbpedia.org/ontology/numberBuilt>
[2020-10-19 13:19:48,390] - NO entity or relation: <http://dbpedia.org/ontology/productionStartYear>
[2020-10-19 13:19:48,390] - NO entity or relation: <http://dbpedia.org/ontology/abstract>
[2020-10-19 13:19:48,390] - NO entity or relation: <http://dbpedia.org/ontology/numberBuilt>
[2020-10-19 13:19:48,390] - NO entity or relation: <http://dbpedia.org/ontology/productionStartYear>
[2020-10-19 13:19:48,390] - NO entity or relation: <http://dbpedia.org/ontology/abstract>
[2020-10-19 13:19:48,390] - NO entity or relation: <http://dbpedia.org/ontology/numberBuilt>
[2020-10-19 13:19:48,390] - NO entity or relation: <http://dbpedia.org/ontology/productionStartYear>
[2020-10-19 13:19:48,390] - NO entity or relation: <http://www.w3.org/2000/01/rdf-schema#label>
[2020-10-19 13:19:48,392] - NO entity or relation: <http://dbpedia.org/ontology/birthDate>
[2020-10-19 13:19:48,392] - NO entity or relation: <http://dbpedia.org/ontology/abstract>
[2020-10-19 13:19:48,392] - NO entity or relation: <http://xmlns.com/foaf/0.1/surname>
[2020-10-19 13:19:48,392] - NO entity or relation: <http://xmlns.com/foaf/0.1/name>
[2020-10-19 13:19:48,392] - NO entity or relation: <http://purl.org/dc/elements/1.1/description>
[2020-10-19 13:19:48,392] - NO entity or relation: <http://xmlns.com/foaf/0.1/givenName>
[2020-10-19 13:19:48,392] - NO entity or relation: <http://dbpedia.org/ontology/careerPrizeMoney>
[2020-10-19 13:19:48,392] - NO entity or relation: <http://dbpedia.org/ontology/height>
[2020-10-19 13:19:48,392] - NO entity or relation: <http://dbpedia.org/ontology/plays>
[2020-10-19 13:19:48,393] - NO entity or relation: <http://dbpedia.org/ontology/weight>
[2020-10-19 13:19:48,393] - NO entity or relation: <http://xmlns.com/foaf/0.1/nick>
[2020-10-19 13:19:48,393] - NO entity or relation: <http://xmlns.com/foaf/0.1/nick>
[2020-10-19 13:19:48,393] - NO entity or relation: <http://xmlns.com/foaf/0.1/nick>
[2020-10-19 13:19:48,393] - NO entity or relation: <http://dbpedia.org/ontology/birthDate>
[2020-10-19 13:19:48,393] - NO entity or relation: <http://dbpedia.org/ontology/abstract>
[2020-10-19 13:19:48,393] - NO entity or relation: <http://xmlns.com/foaf/0.1/surname>
[2020-10-19 13:19:48,393] - NO entity or relation: <http://xmlns.com/foaf/0.1/name>
[2020-10-19 13:19:48,393] - NO entity or relation: <http://xmlns.com/foaf/0.1/name>
[2020-10-19 13:19:48,393] - NO entity or relation: <http://purl.org/dc/elements/1.1/description>
[2020-10-19 13:19:48,393] - NO entity or relation: <http://xmlns.com/foaf/0.1/givenName>
[2020-10-19 13:19:48,393] - NO entity or relation: <http://dbpedia.org/ontology/height>
[2020-10-19 13:19:48,393] - NO entity or relation: <http://dbpedia.org/ontology/number>
[2020-10-19 13:19:48,393] - NO entity or relation: <http://dbpedia.org/ontology/position>
[2020-10-19 13:19:48,429] - NO entity or relation: <http://dbpedia.org/ontology/abstract>
[2020-10-19 13:19:48,429] - NO entity or relation: <http://dbpedia.org/ontology/birthDate>
[2020-10-19 13:19:48,429] - NO entity or relation: <http://dbpedia.org/ontology/abstract>
[2020-10-19 13:19:48,429] - NO entity or relation: <http://xmlns.com/foaf/0.1/surname>
[2020-10-19 13:19:48,430] - NO entity or relation: <http://xmlns.com/foaf/0.1/name>
[2020-10-19 13:19:48,430] - NO entity or relation: <http://xmlns.com/foaf/0.1/name>
[2020-10-19 13:19:48,430] - NO entity or relation: <http://purl.org/dc/elements/1.1/description>
[2020-10-19 13:19:48,430] - NO entity or relation: <http://xmlns.com/foaf/0.1/givenName>
[2020-10-19 13:19:48,430] - NO entity or relation: <http://dbpedia.org/ontology/status>
[2020-10-19 13:19:48,430] - NO entity or relation: <http://dbpedia.org/ontology/timeInSpace>
[2020-10-19 13:19:48,430] - NO entity or relation: <http://dbpedia.org/ontology/birthDate>
[2020-10-19 13:19:48,430] - NO entity or relation: <http://dbpedia.org/ontology/abstract>
[2020-10-19 13:19:48,430] - NO entity or relation: <http://xmlns.com/foaf/0.1/surname>
[2020-10-19 13:19:48,430] - NO entity or relation: <http://xmlns.com/foaf/0.1/name>
[2020-10-19 13:19:48,430] - NO entity or relation: <http://xmlns.com/foaf/0.1/name>
[2020-10-19 13:19:48,430] - NO entity or relation: <http://purl.org/dc/elements/1.1/description>
[2020-10-19 13:19:48,430] - NO entity or relation: <http://xmlns.com/foaf/0.1/givenName>
[2020-10-19 13:19:48,430] - NO entity or relation: <http://dbpedia.org/ontology/deathDate>
[2020-10-19 13:19:48,430] - NO entity or relation: <http://dbpedia.org/ontology/birthYear>
[2020-10-19 13:19:48,430] - NO entity or relation: <http://dbpedia.org/ontology/deathYear>
[2020-10-19 13:19:48,430] - NO entity or relation: <http://dbpedia.org/ontology/birthDate>
[2020-10-19 13:19:48,430] - NO entity or relation: <http://dbpedia.org/ontology/abstract>
[2020-10-19 13:19:48,430] - NO entity or relation: <http://xmlns.com/foaf/0.1/surname>
[2020-10-19 13:19:48,430] - NO entity or relation: <http://xmlns.com/foaf/0.1/name>
[2020-10-19 13:19:48,430] - NO entity or relation: <http://xmlns.com/foaf/0.1/givenName>
[2020-10-19 13:19:48,430] - NO entity or relation: <http://dbpedia.org/ontology/birthYear>
[2020-10-19 13:19:48,430] - NO entity or relation: <http://dbpedia.org/ontology/birthDate>
[2020-10-19 13:19:48,430] - NO entity or relation: <http://dbpedia.org/ontology/abstract>
[2020-10-19 13:19:48,430] - NO entity or relation: <http://xmlns.com/foaf/0.1/surname>
[2020-10-19 13:19:48,430] - NO entity or relation: <http://xmlns.com/foaf/0.1/name>
[2020-10-19 13:19:48,430] - NO entity or relation: <http://xmlns.com/foaf/0.1/name>
[2020-10-19 13:19:48,430] - NO entity or relation: <http://xmlns.com/foaf/0.1/givenName>
[2020-10-19 13:19:48,430] - NO entity or relation: <http://dbpedia.org/ontology/status>
[2020-10-19 13:19:48,430] - NO entity or relation: <http://dbpedia.org/ontology/timeInSpace>
[2020-10-19 13:19:48,430] - NO entity or relation: <http://dbpedia.org/ontology/birthDate>
[2020-10-19 13:19:48,431] - NO entity or relation: <http://dbpedia.org/ontology/abstract>
[2020-10-19 13:19:48,431] - NO entity or relation: <http://xmlns.com/foaf/0.1/surname>
[2020-10-19 13:19:48,431] - NO entity or relation: <http://xmlns.com/foaf/0.1/name>
[2020-10-19 13:19:48,431] - NO entity or relation: <http://purl.org/dc/elements/1.1/description>
[2020-10-19 13:19:48,431] - NO entity or relation: <http://xmlns.com/foaf/0.1/givenName>
[2020-10-19 13:19:48,431] - NO entity or relation: <http://dbpedia.org/ontology/birthName>
[2020-10-19 13:19:48,431] - NO entity or relation: <http://dbpedia.org/ontology/activeYearsStartYear>
[2020-10-19 13:19:48,431] - NO entity or relation: <http://dbpedia.org/ontology/birthYear>
[2020-10-19 13:19:48,431] - NO entity or relation: <http://dbpedia.org/ontology/abstract>
[2020-10-19 13:19:48,431] - NO entity or relation: <http://dbpedia.org/ontology/birthDate>
[2020-10-19 13:19:48,431] - NO entity or relation: <http://dbpedia.org/ontology/abstract>
[2020-10-19 13:19:48,431] - NO entity or relation: <http://xmlns.com/foaf/0.1/surname>
[2020-10-19 13:19:48,431] - NO entity or relation: <http://xmlns.com/foaf/0.1/name>
[2020-10-19 13:19:48,431] - NO entity or relation: <http://xmlns.com/foaf/0.1/givenName>
[2020-10-19 13:19:48,431] - NO entity or relation: <http://dbpedia.org/ontology/birthName>
[2020-10-19 13:19:48,431] - NO entity or relation: <http://dbpedia.org/ontology/birthYear>
[2020-10-19 13:19:48,476] - NO entity or relation: <http://dbpedia.org/ontology/birthDate>
[2020-10-19 13:19:48,476] - NO entity or relation: <http://dbpedia.org/ontology/abstract>
[2020-10-19 13:19:48,476] - NO entity or relation: <http://xmlns.com/foaf/0.1/surname>
[2020-10-19 13:19:48,476] - NO entity or relation: <http://xmlns.com/foaf/0.1/name>
[2020-10-19 13:19:48,476] - NO entity or relation: <http://purl.org/dc/elements/1.1/description>
[2020-10-19 13:19:48,476] - NO entity or relation: <http://xmlns.com/foaf/0.1/givenName>
[2020-10-19 13:19:48,476] - NO entity or relation: <http://xmlns.com/foaf/0.1/givenName>
[2020-10-19 13:19:48,476] - NO entity or relation: <http://dbpedia.org/ontology/activeYearsStartYear>
[2020-10-19 13:19:48,476] - NO entity or relation: <http://dbpedia.org/ontology/alias>
[2020-10-19 13:19:48,476] - NO entity or relation: <http://dbpedia.org/ontology/background>
[2020-10-19 13:19:48,477] - NO entity or relation: <http://dbpedia.org/ontology/birthDate>
[2020-10-19 13:19:48,477] - NO entity or relation: <http://dbpedia.org/ontology/birthDate>
[2020-10-19 13:19:48,477] - NO entity or relation: <http://dbpedia.org/ontology/abstract>
[2020-10-19 13:19:48,477] - NO entity or relation: <http://xmlns.com/foaf/0.1/surname>
[2020-10-19 13:19:48,477] - NO entity or relation: <http://xmlns.com/foaf/0.1/name>
[2020-10-19 13:19:48,477] - NO entity or relation: <http://purl.org/dc/elements/1.1/description>
[2020-10-19 13:19:48,477] - NO entity or relation: <http://xmlns.com/foaf/0.1/givenName>
[2020-10-19 13:19:48,477] - NO entity or relation: <http://dbpedia.org/ontology/activeYearsStartYear>
[2020-10-19 13:19:48,477] - NO entity or relation: <http://dbpedia.org/ontology/background>
[2020-10-19 13:19:48,477] - NO entity or relation: <http://dbpedia.org/ontology/birthDate>
[2020-10-19 13:19:48,477] - NO entity or relation: <http://dbpedia.org/ontology/abstract>
[2020-10-19 13:19:48,477] - NO entity or relation: <http://xmlns.com/foaf/0.1/surname>
[2020-10-19 13:19:48,477] - NO entity or relation: <http://xmlns.com/foaf/0.1/name>
[2020-10-19 13:19:48,477] - NO entity or relation: <http://purl.org/dc/elements/1.1/description>
[2020-10-19 13:19:48,477] - NO entity or relation: <http://xmlns.com/foaf/0.1/givenName>
[2020-10-19 13:19:48,477] - NO entity or relation: <http://dbpedia.org/ontology/activeYearsStartYear>
[2020-10-19 13:19:48,477] - NO entity or relation: <http://dbpedia.org/ontology/background>
[2020-10-19 13:19:48,484] - NO entity or relation: <http://dbpedia.org/ontology/birthDate>
[2020-10-19 13:19:48,484] - NO entity or relation: <http://dbpedia.org/ontology/abstract>
[2020-10-19 13:19:48,484] - NO entity or relation: <http://xmlns.com/foaf/0.1/surname>
[2020-10-19 13:19:48,484] - NO entity or relation: <http://xmlns.com/foaf/0.1/name>
[2020-10-19 13:19:48,484] - NO entity or relation: <http://xmlns.com/foaf/0.1/name>
[2020-10-19 13:19:48,484] - NO entity or relation: <http://xmlns.com/foaf/0.1/name>
[2020-10-19 13:19:48,484] - NO entity or relation: <http://xmlns.com/foaf/0.1/givenName>
[2020-10-19 13:19:48,484] - NO entity or relation: <http://dbpedia.org/ontology/deathDate>
[2020-10-19 13:19:48,484] - NO entity or relation: <http://dbpedia.org/ontology/title>
[2020-10-19 13:19:48,484] - NO entity or relation: <http://dbpedia.org/ontology/birthDate>
[2020-10-19 13:19:48,484] - NO entity or relation: <http://dbpedia.org/ontology/abstract>
[2020-10-19 13:19:48,484] - NO entity or relation: <http://xmlns.com/foaf/0.1/surname>
[2020-10-19 13:19:48,484] - NO entity or relation: <http://xmlns.com/foaf/0.1/name>
[2020-10-19 13:19:48,484] - NO entity or relation: <http://purl.org/dc/elements/1.1/description>
[2020-10-19 13:19:48,484] - NO entity or relation: <http://xmlns.com/foaf/0.1/givenName>
[2020-10-19 13:19:48,484] - NO entity or relation: <http://dbpedia.org/ontology/championships>
[2020-10-19 13:19:48,484] - NO entity or relation: <http://dbpedia.org/ontology/lastPosition>
[2020-10-19 13:19:48,486] - NO entity or relation: <http://dbpedia.org/ontology/birthDate>
[2020-10-19 13:19:48,486] - NO entity or relation: <http://dbpedia.org/ontology/abstract>
[2020-10-19 13:19:48,486] - NO entity or relation: <http://xmlns.com/foaf/0.1/surname>
[2020-10-19 13:19:48,486] - NO entity or relation: <http://xmlns.com/foaf/0.1/name>
[2020-10-19 13:19:48,486] - NO entity or relation: <http://purl.org/dc/elements/1.1/description>
[2020-10-19 13:19:48,486] - NO entity or relation: <http://xmlns.com/foaf/0.1/givenName>
[2020-10-19 13:19:48,486] - NO entity or relation: <http://dbpedia.org/ontology/championships>
[2020-10-19 13:19:48,486] - NO entity or relation: <http://dbpedia.org/ontology/lastPosition>
[2020-10-19 13:19:48,487] - NO entity or relation: <http://dbpedia.org/ontology/birthDate>
[2020-10-19 13:19:48,487] - NO entity or relation: <http://dbpedia.org/ontology/abstract>
[2020-10-19 13:19:48,487] - NO entity or relation: <http://xmlns.com/foaf/0.1/surname>
[2020-10-19 13:19:48,487] - NO entity or relation: <http://xmlns.com/foaf/0.1/name>
[2020-10-19 13:19:48,487] - NO entity or relation: <http://xmlns.com/foaf/0.1/givenName>
[2020-10-19 13:19:48,487] - NO entity or relation: <http://dbpedia.org/ontology/championships>
[2020-10-19 13:19:48,487] - NO entity or relation: <http://dbpedia.org/ontology/fastestLap>
[2020-10-19 13:19:48,487] - NO entity or relation: <http://dbpedia.org/ontology/podiums>
[2020-10-19 13:19:48,487] - NO entity or relation: <http://dbpedia.org/ontology/poles>
[2020-10-19 13:19:48,487] - NO entity or relation: <http://dbpedia.org/ontology/races>
[2020-10-19 13:19:48,487] - NO entity or relation: <http://dbpedia.org/ontology/wins>
[2020-10-19 13:19:48,487] - NO entity or relation: <http://dbpedia.org/ontology/birthDate>
[2020-10-19 13:19:48,487] - NO entity or relation: <http://dbpedia.org/ontology/abstract>
[2020-10-19 13:19:48,488] - NO entity or relation: <http://xmlns.com/foaf/0.1/surname>
[2020-10-19 13:19:48,488] - NO entity or relation: <http://xmlns.com/foaf/0.1/name>
[2020-10-19 13:19:48,488] - NO entity or relation: <http://xmlns.com/foaf/0.1/name>
[2020-10-19 13:19:48,488] - NO entity or relation: <http://xmlns.com/foaf/0.1/name>
[2020-10-19 13:19:48,488] - NO entity or relation: <http://xmlns.com/foaf/0.1/givenName>
[2020-10-19 13:19:48,488] - NO entity or relation: <http://dbpedia.org/ontology/deathDate>
[2020-10-19 13:19:48,488] - NO entity or relation: <http://dbpedia.org/ontology/title>
[2020-10-19 13:19:48,529] - NO entity or relation: <http://www.w3.org/2003/01/geo/wgs84_pos#lat>
[2020-10-19 13:19:48,529] - NO entity or relation: <http://www.w3.org/2003/01/geo/wgs84_pos#long>
[2020-10-19 13:19:48,529] - NO entity or relation: <http://dbpedia.org/ontology/abstract>
[2020-10-19 13:19:48,529] - NO entity or relation: <http://www.georss.org/georss/point>
[2020-10-19 13:19:48,529] - NO entity or relation: <http://dbpedia.org/ontology/populationTotal>
[2020-10-19 13:19:48,529] - NO entity or relation: <http://dbpedia.org/ontology/elevation>
[2020-10-19 13:19:48,529] - NO entity or relation: <http://dbpedia.org/ontology/areaCode>
[2020-10-19 13:19:48,529] - NO entity or relation: <http://dbpedia.org/ontology/areaTotal>
[2020-10-19 13:19:48,529] - NO entity or relation: <http://dbpedia.org/ontology/leaderTitle>
[2020-10-19 13:19:48,529] - NO entity or relation: <http://dbpedia.org/ontology/populationAsOf>
[2020-10-19 13:19:48,529] - NO entity or relation: <http://dbpedia.org/ontology/postalCode>
[2020-10-19 13:19:48,533] - NO entity or relation: <http://www.w3.org/2003/01/geo/wgs84_pos#lat>
[2020-10-19 13:19:48,533] - NO entity or relation: <http://www.w3.org/2003/01/geo/wgs84_pos#long>
[2020-10-19 13:19:48,533] - NO entity or relation: <http://dbpedia.org/ontology/abstract>
[2020-10-19 13:19:48,533] - NO entity or relation: <http://www.georss.org/georss/point>
[2020-10-19 13:19:48,533] - NO entity or relation: <http://dbpedia.org/ontology/populationTotal>
[2020-10-19 13:19:48,533] - NO entity or relation: <http://dbpedia.org/ontology/elevation>
[2020-10-19 13:19:48,533] - NO entity or relation: <http://dbpedia.org/ontology/areaCode>
[2020-10-19 13:19:48,533] - NO entity or relation: <http://dbpedia.org/ontology/areaTotal>
[2020-10-19 13:19:48,533] - NO entity or relation: <http://dbpedia.org/ontology/leaderTitle>
[2020-10-19 13:19:48,533] - NO entity or relation: <http://dbpedia.org/ontology/populationAsOf>
[2020-10-19 13:19:48,533] - NO entity or relation: <http://dbpedia.org/ontology/postalCode>
[2020-10-19 13:19:48,536] - NO entity or relation: <http://www.w3.org/2003/01/geo/wgs84_pos#lat>
[2020-10-19 13:19:48,536] - NO entity or relation: <http://www.w3.org/2003/01/geo/wgs84_pos#long>
[2020-10-19 13:19:48,536] - NO entity or relation: <http://dbpedia.org/ontology/abstract>
[2020-10-19 13:19:48,536] - NO entity or relation: <http://www.georss.org/georss/point>
[2020-10-19 13:19:48,536] - NO entity or relation: <http://dbpedia.org/ontology/populationTotal>
[2020-10-19 13:19:48,536] - NO entity or relation: <http://dbpedia.org/ontology/elevation>
[2020-10-19 13:19:48,536] - NO entity or relation: <http://dbpedia.org/ontology/areaCode>
[2020-10-19 13:19:48,536] - NO entity or relation: <http://dbpedia.org/ontology/areaTotal>
[2020-10-19 13:19:48,536] - NO entity or relation: <http://dbpedia.org/ontology/leaderTitle>
[2020-10-19 13:19:48,536] - NO entity or relation: <http://dbpedia.org/ontology/populationAsOf>
[2020-10-19 13:19:48,536] - NO entity or relation: <http://dbpedia.org/ontology/postalCode>
[2020-10-19 13:19:48,537] - NO entity or relation: <http://dbpedia.org/ontology/birthDate>
[2020-10-19 13:19:48,537] - NO entity or relation: <http://dbpedia.org/ontology/abstract>
[2020-10-19 13:19:48,537] - NO entity or relation: <http://xmlns.com/foaf/0.1/surname>
[2020-10-19 13:19:48,537] - NO entity or relation: <http://xmlns.com/foaf/0.1/name>
[2020-10-19 13:19:48,537] - NO entity or relation: <http://purl.org/dc/elements/1.1/description>
[2020-10-19 13:19:48,537] - NO entity or relation: <http://xmlns.com/foaf/0.1/givenName>
[2020-10-19 13:19:48,537] - NO entity or relation: <http://dbpedia.org/ontology/deathDate>
[2020-10-19 13:19:48,537] - NO entity or relation: <http://www.w3.org/2003/01/geo/wgs84_pos#lat>
[2020-10-19 13:19:48,537] - NO entity or relation: <http://www.w3.org/2003/01/geo/wgs84_pos#long>
[2020-10-19 13:19:48,537] - NO entity or relation: <http://dbpedia.org/ontology/abstract>
[2020-10-19 13:19:48,537] - NO entity or relation: <http://www.georss.org/georss/point>
[2020-10-19 13:19:48,537] - NO entity or relation: <http://dbpedia.org/ontology/populationTotal>
[2020-10-19 13:19:48,537] - NO entity or relation: <http://dbpedia.org/ontology/elevation>
[2020-10-19 13:19:48,537] - NO entity or relation: <http://dbpedia.org/ontology/areaCode>
[2020-10-19 13:19:48,537] - NO entity or relation: <http://dbpedia.org/ontology/areaTotal>
[2020-10-19 13:19:48,537] - NO entity or relation: <http://dbpedia.org/ontology/leaderTitle>
[2020-10-19 13:19:48,537] - NO entity or relation: <http://dbpedia.org/ontology/populationAsOf>
[2020-10-19 13:19:48,537] - NO entity or relation: <http://dbpedia.org/ontology/postalCode>
[2020-10-19 13:19:48,539] - NO entity or relation: <http://www.w3.org/2000/01/rdf-schema#label>
[2020-10-19 13:19:48,539] - NO entity or relation: <http://www.w3.org/2000/01/rdf-schema#label>
[2020-10-19 13:19:48,539] - NO entity or relation: <http://www.w3.org/2003/01/geo/wgs84_pos#lat>
[2020-10-19 13:19:48,539] - NO entity or relation: <http://www.w3.org/2003/01/geo/wgs84_pos#long>
[2020-10-19 13:19:48,539] - NO entity or relation: <http://dbpedia.org/ontology/abstract>
[2020-10-19 13:19:48,539] - NO entity or relation: <http://www.georss.org/georss/point>
[2020-10-19 13:19:48,539] - NO entity or relation: <http://xmlns.com/foaf/0.1/name>
[2020-10-19 13:19:48,539] - NO entity or relation: <http://dbpedia.org/ontology/populationUrban>
[2020-10-19 13:19:48,539] - NO entity or relation: <http://dbpedia.org/ontology/populationTotal>
[2020-10-19 13:19:48,539] - NO entity or relation: <http://dbpedia.org/ontology/populationMetro>
[2020-10-19 13:19:48,539] - NO entity or relation: <http://dbpedia.org/ontology/elevation>
[2020-10-19 13:19:48,539] - NO entity or relation: <http://dbpedia.org/ontology/areaCode>
[2020-10-19 13:19:48,539] - NO entity or relation: <http://dbpedia.org/ontology/areaLand>
[2020-10-19 13:19:48,539] - NO entity or relation: <http://dbpedia.org/ontology/areaMetro>
[2020-10-19 13:19:48,539] - NO entity or relation: <http://dbpedia.org/ontology/areaTotal>
[2020-10-19 13:19:48,539] - NO entity or relation: <http://dbpedia.org/ontology/areaWater>
[2020-10-19 13:19:48,539] - NO entity or relation: <http://dbpedia.org/ontology/leaderTitle>
[2020-10-19 13:19:48,539] - NO entity or relation: <http://dbpedia.org/ontology/leaderTitle>
[2020-10-19 13:19:48,539] - NO entity or relation: <http://dbpedia.org/ontology/leaderTitle>
[2020-10-19 13:19:48,539] - NO entity or relation: <http://dbpedia.org/ontology/motto>
[2020-10-19 13:19:48,539] - NO entity or relation: <http://dbpedia.org/ontology/motto>
[2020-10-19 13:19:48,539] - NO entity or relation: <http://dbpedia.org/ontology/populationAsOf>
[2020-10-19 13:19:48,539] - NO entity or relation: <http://dbpedia.org/ontology/populationDensity>
[2020-10-19 13:19:48,539] - NO entity or relation: <http://dbpedia.org/ontology/postalCode>
[2020-10-19 13:19:48,539] - NO entity or relation: <http://xmlns.com/foaf/0.1/nick>
[2020-10-19 13:19:48,541] - NO entity or relation: <http://www.w3.org/2003/01/geo/wgs84_pos#lat>
[2020-10-19 13:19:48,541] - NO entity or relation: <http://www.w3.org/2003/01/geo/wgs84_pos#long>
[2020-10-19 13:19:48,541] - NO entity or relation: <http://dbpedia.org/ontology/abstract>
[2020-10-19 13:19:48,541] - NO entity or relation: <http://www.georss.org/georss/point>
[2020-10-19 13:19:48,541] - NO entity or relation: <http://xmlns.com/foaf/0.1/name>
[2020-10-19 13:19:48,541] - NO entity or relation: <http://dbpedia.org/ontology/populationTotal>
[2020-10-19 13:19:48,541] - NO entity or relation: <http://dbpedia.org/ontology/elevation>
[2020-10-19 13:19:48,541] - NO entity or relation: <http://dbpedia.org/ontology/areaTotal>
[2020-10-19 13:19:48,541] - NO entity or relation: <http://dbpedia.org/ontology/leaderTitle>
[2020-10-19 13:19:48,541] - NO entity or relation: <http://dbpedia.org/ontology/populationDensity>
[2020-10-19 13:19:48,542] - NO entity or relation: <http://dbpedia.org/ontology/postalCode>
[2020-10-19 13:19:48,570] - NO entity or relation: <http://www.w3.org/2000/01/rdf-schema#label>
[2020-10-19 13:19:48,570] - NO entity or relation: <http://www.w3.org/2000/01/rdf-schema#label>
[2020-10-19 13:19:48,570] - NO entity or relation: <http://dbpedia.org/ontology/abstract>
[2020-10-19 13:19:48,570] - NO entity or relation: <http://www.w3.org/2003/01/geo/wgs84_pos#lat>
[2020-10-19 13:19:48,570] - NO entity or relation: <http://www.w3.org/2003/01/geo/wgs84_pos#long>
[2020-10-19 13:19:48,570] - NO entity or relation: <http://dbpedia.org/ontology/abstract>
[2020-10-19 13:19:48,570] - NO entity or relation: <http://www.georss.org/georss/point>
[2020-10-19 13:19:48,570] - NO entity or relation: <http://xmlns.com/foaf/0.1/name>
[2020-10-19 13:19:48,571] - NO entity or relation: <http://dbpedia.org/ontology/populationTotal>
[2020-10-19 13:19:48,571] - NO entity or relation: <http://dbpedia.org/ontology/elevation>
[2020-10-19 13:19:48,571] - NO entity or relation: <http://dbpedia.org/ontology/elevation>
[2020-10-19 13:19:48,571] - NO entity or relation: <http://dbpedia.org/ontology/areaCode>
[2020-10-19 13:19:48,571] - NO entity or relation: <http://dbpedia.org/ontology/areaLand>
[2020-10-19 13:19:48,571] - NO entity or relation: <http://dbpedia.org/ontology/areaLand>
[2020-10-19 13:19:48,571] - NO entity or relation: <http://dbpedia.org/ontology/areaTotal>
[2020-10-19 13:19:48,571] - NO entity or relation: <http://dbpedia.org/ontology/areaTotal>
[2020-10-19 13:19:48,571] - NO entity or relation: <http://dbpedia.org/ontology/areaWater>
[2020-10-19 13:19:48,571] - NO entity or relation: <http://dbpedia.org/ontology/populationDensity>
[2020-10-19 13:19:48,571] - NO entity or relation: <http://dbpedia.org/ontology/populationDensity>
[2020-10-19 13:19:48,571] - NO entity or relation: <http://dbpedia.org/ontology/postalCode>
[2020-10-19 13:19:48,571] - NO entity or relation: <http://dbpedia.org/ontology/utcOffset>
[2020-10-19 13:19:48,571] - NO entity or relation: <http://dbpedia.org/ontology/utcOffset>
[2020-10-19 13:19:48,571] - NO entity or relation: <http://xmlns.com/foaf/0.1/nick>
[2020-10-19 13:19:48,589] - NO entity or relation: <http://www.w3.org/2003/01/geo/wgs84_pos#lat>
[2020-10-19 13:19:48,589] - NO entity or relation: <http://www.w3.org/2003/01/geo/wgs84_pos#long>
[2020-10-19 13:19:48,589] - NO entity or relation: <http://dbpedia.org/ontology/abstract>
[2020-10-19 13:19:48,589] - NO entity or relation: <http://www.georss.org/georss/point>
[2020-10-19 13:19:48,589] - NO entity or relation: <http://xmlns.com/foaf/0.1/name>
[2020-10-19 13:19:48,589] - NO entity or relation: <http://dbpedia.org/ontology/populationTotal>
[2020-10-19 13:19:48,589] - NO entity or relation: <http://dbpedia.org/ontology/elevation>
[2020-10-19 13:19:48,589] - NO entity or relation: <http://dbpedia.org/ontology/elevation>
[2020-10-19 13:19:48,589] - NO entity or relation: <http://dbpedia.org/ontology/areaLand>
[2020-10-19 13:19:48,589] - NO entity or relation: <http://dbpedia.org/ontology/areaLand>
[2020-10-19 13:19:48,589] - NO entity or relation: <http://dbpedia.org/ontology/areaTotal>
[2020-10-19 13:19:48,589] - NO entity or relation: <http://dbpedia.org/ontology/areaTotal>
[2020-10-19 13:19:48,589] - NO entity or relation: <http://dbpedia.org/ontology/areaWater>
[2020-10-19 13:19:48,589] - NO entity or relation: <http://dbpedia.org/ontology/leaderTitle>
[2020-10-19 13:19:48,589] - NO entity or relation: <http://dbpedia.org/ontology/populationDensity>
[2020-10-19 13:19:48,589] - NO entity or relation: <http://dbpedia.org/ontology/populationDensity>
[2020-10-19 13:19:48,589] - NO entity or relation: <http://dbpedia.org/ontology/postalCode>
[2020-10-19 13:19:48,589] - NO entity or relation: <http://dbpedia.org/ontology/utcOffset>
[2020-10-19 13:19:48,589] - NO entity or relation: <http://dbpedia.org/ontology/utcOffset>
[2020-10-19 13:19:48,589] - NO entity or relation: <http://xmlns.com/foaf/0.1/nick>
[2020-10-19 13:19:48,589] - NO entity or relation: <http://www.w3.org/2003/01/geo/wgs84_pos#lat>
[2020-10-19 13:19:48,589] - NO entity or relation: <http://www.w3.org/2003/01/geo/wgs84_pos#long>
[2020-10-19 13:19:48,589] - NO entity or relation: <http://dbpedia.org/ontology/abstract>
[2020-10-19 13:19:48,589] - NO entity or relation: <http://www.georss.org/georss/point>
[2020-10-19 13:19:48,589] - NO entity or relation: <http://xmlns.com/foaf/0.1/name>
[2020-10-19 13:19:48,589] - NO entity or relation: <http://xmlns.com/foaf/0.1/name>
[2020-10-19 13:19:48,590] - NO entity or relation: <http://dbpedia.org/ontology/populationTotal>
[2020-10-19 13:19:48,590] - NO entity or relation: <http://dbpedia.org/ontology/areaTotal>
[2020-10-19 13:19:48,590] - NO entity or relation: <http://dbpedia.org/ontology/leaderTitle>
[2020-10-19 13:19:48,590] - NO entity or relation: <http://dbpedia.org/ontology/populationDensity>
[2020-10-19 13:19:48,590] - NO entity or relation: <http://dbpedia.org/ontology/utcOffset>
[2020-10-19 13:19:48,590] - NO entity or relation: <http://www.w3.org/2003/01/geo/wgs84_pos#lat>
[2020-10-19 13:19:48,590] - NO entity or relation: <http://www.w3.org/2003/01/geo/wgs84_pos#long>
[2020-10-19 13:19:48,590] - NO entity or relation: <http://dbpedia.org/ontology/abstract>
[2020-10-19 13:19:48,590] - NO entity or relation: <http://www.georss.org/georss/point>
[2020-10-19 13:19:48,590] - NO entity or relation: <http://xmlns.com/foaf/0.1/name>
[2020-10-19 13:19:48,590] - NO entity or relation: <http://dbpedia.org/ontology/populationTotal>
[2020-10-19 13:19:48,590] - NO entity or relation: <http://dbpedia.org/ontology/populationMetro>
[2020-10-19 13:19:48,590] - NO entity or relation: <http://dbpedia.org/ontology/elevation>
[2020-10-19 13:19:48,590] - NO entity or relation: <http://dbpedia.org/ontology/areaMetro>
[2020-10-19 13:19:48,590] - NO entity or relation: <http://dbpedia.org/ontology/areaMetro>
[2020-10-19 13:19:48,590] - NO entity or relation: <http://dbpedia.org/ontology/areaTotal>
[2020-10-19 13:19:48,590] - NO entity or relation: <http://dbpedia.org/ontology/leaderTitle>
[2020-10-19 13:19:48,590] - NO entity or relation: <http://dbpedia.org/ontology/leaderTitle>
[2020-10-19 13:19:48,590] - NO entity or relation: <http://dbpedia.org/ontology/populationDensity>
[2020-10-19 13:19:48,591] - NO entity or relation: <http://dbpedia.org/ontology/populationTotalRanking>
[2020-10-19 13:19:48,591] - NO entity or relation: <http://dbpedia.org/ontology/postalCode>
[2020-10-19 13:19:48,591] - NO entity or relation: <http://dbpedia.org/ontology/synonym>
[2020-10-19 13:19:48,591] - NO entity or relation: <http://dbpedia.org/ontology/utcOffset>
[2020-10-19 13:19:48,602] - NO entity or relation: <http://dbpedia.org/ontology/foundingDate>
[2020-10-19 13:19:48,602] - NO entity or relation: <http://dbpedia.org/ontology/abstract>
[2020-10-19 13:19:48,602] - NO entity or relation: <http://xmlns.com/foaf/0.1/name>
[2020-10-19 13:19:48,602] - NO entity or relation: <http://dbpedia.org/ontology/foundingYear>
[2020-10-19 13:19:48,602] - NO entity or relation: <http://dbpedia.org/ontology/numberOfEmployees>
[2020-10-19 13:19:48,602] - NO entity or relation: <http://dbpedia.org/ontology/revenue>
[2020-10-19 13:19:48,650] - NO entity or relation: <http://www.w3.org/2000/01/rdf-schema#label>
[2020-10-19 13:19:48,650] - NO entity or relation: <http://www.w3.org/2000/01/rdf-schema#label>
[2020-10-19 13:19:48,657] - NO entity or relation: <http://dbpedia.org/ontology/abstract>
[2020-10-19 13:19:48,657] - NO entity or relation: <http://dbpedia.org/ontology/birthDate>
[2020-10-19 13:19:48,657] - NO entity or relation: <http://dbpedia.org/ontology/abstract>
[2020-10-19 13:19:48,657] - NO entity or relation: <http://xmlns.com/foaf/0.1/surname>
[2020-10-19 13:19:48,657] - NO entity or relation: <http://xmlns.com/foaf/0.1/name>
[2020-10-19 13:19:48,657] - NO entity or relation: <http://xmlns.com/foaf/0.1/givenName>
[2020-10-19 13:19:48,657] - NO entity or relation: <http://dbpedia.org/ontology/deathDate>
[2020-10-19 13:19:48,657] - NO entity or relation: <http://dbpedia.org/ontology/birthYear>
[2020-10-19 13:19:48,657] - NO entity or relation: <http://dbpedia.org/ontology/deathYear>
[2020-10-19 13:19:48,657] - NO entity or relation: <http://dbpedia.org/ontology/abstract>
[2020-10-19 13:19:48,657] - NO entity or relation: <http://xmlns.com/foaf/0.1/name>
[2020-10-19 13:19:48,657] - NO entity or relation: <http://xmlns.com/foaf/0.1/name>
[2020-10-19 13:19:48,657] - NO entity or relation: <http://dbpedia.org/ontology/capacity>
[2020-10-19 13:19:48,657] - NO entity or relation: <http://dbpedia.org/ontology/position>
[2020-10-19 13:19:48,657] - NO entity or relation: <http://xmlns.com/foaf/0.1/nick>
[2020-10-19 13:19:48,657] - NO entity or relation: <http://xmlns.com/foaf/0.1/nick>
[2020-10-19 13:19:48,658] - NO entity or relation: <http://www.w3.org/2003/01/geo/wgs84_pos#lat>
[2020-10-19 13:19:48,658] - NO entity or relation: <http://www.w3.org/2003/01/geo/wgs84_pos#long>
[2020-10-19 13:19:48,658] - NO entity or relation: <http://dbpedia.org/ontology/abstract>
[2020-10-19 13:19:48,658] - NO entity or relation: <http://www.georss.org/georss/point>
[2020-10-19 13:19:48,658] - NO entity or relation: <http://xmlns.com/foaf/0.1/name>
[2020-10-19 13:19:48,658] - NO entity or relation: <http://dbpedia.org/ontology/floorArea>
[2020-10-19 13:19:48,658] - NO entity or relation: <http://dbpedia.org/ontology/floorCount>
[2020-10-19 13:19:48,681] - NO entity or relation: <Maria>
[2020-10-19 13:19:48,682] - NO entity or relation: <Brizzihttp://en.wikipedia.org/wiki/Wikipedia:New_contributors%27_help_page>
[2020-10-19 13:19:48,682] - NO entity or relation: <Giorgi>
[2020-10-19 13:19:48,682] - NO entity or relation: <http://dbpedia.org/ontology/birthDate>
[2020-10-19 13:19:48,682] - NO entity or relation: <http://dbpedia.org/ontology/abstract>
[2020-10-19 13:19:48,682] - NO entity or relation: <http://xmlns.com/foaf/0.1/surname>
[2020-10-19 13:19:48,682] - NO entity or relation: <http://xmlns.com/foaf/0.1/name>
[2020-10-19 13:19:48,682] - NO entity or relation: <http://purl.org/dc/elements/1.1/description>
[2020-10-19 13:19:48,682] - NO entity or relation: <http://xmlns.com/foaf/0.1/givenName>
[2020-10-19 13:19:48,682] - NO entity or relation: <http://dbpedia.org/ontology/deathDate>
[2020-10-19 13:19:48,683] - NO entity or relation: <http://dbpedia.org/ontology/birthDate>
[2020-10-19 13:19:48,683] - NO entity or relation: <http://dbpedia.org/ontology/abstract>
[2020-10-19 13:19:48,683] - NO entity or relation: <http://xmlns.com/foaf/0.1/surname>
[2020-10-19 13:19:48,683] - NO entity or relation: <http://xmlns.com/foaf/0.1/name>
[2020-10-19 13:19:48,683] - NO entity or relation: <http://purl.org/dc/elements/1.1/description>
[2020-10-19 13:19:48,683] - NO entity or relation: <http://xmlns.com/foaf/0.1/givenName>
[2020-10-19 13:19:48,683] - NO entity or relation: <http://dbpedia.org/ontology/deathDate>
[2020-10-19 13:19:48,683] - NO entity or relation: <http://dbpedia.org/ontology/birthDate>
[2020-10-19 13:19:48,683] - NO entity or relation: <http://dbpedia.org/ontology/abstract>
[2020-10-19 13:19:48,683] - NO entity or relation: <http://xmlns.com/foaf/0.1/name>
[2020-10-19 13:19:48,683] - NO entity or relation: <http://purl.org/dc/elements/1.1/description>
[2020-10-19 13:19:48,683] - NO entity or relation: <http://dbpedia.org/ontology/deathDate>
[2020-10-19 13:19:48,733] - NO entity or relation: <http://dbpedia.org/ontology/birthDate>
[2020-10-19 13:19:48,733] - NO entity or relation: <http://dbpedia.org/ontology/abstract>
[2020-10-19 13:19:48,733] - NO entity or relation: <http://xmlns.com/foaf/0.1/surname>
[2020-10-19 13:19:48,733] - NO entity or relation: <http://xmlns.com/foaf/0.1/name>
[2020-10-19 13:19:48,733] - NO entity or relation: <http://purl.org/dc/elements/1.1/description>
[2020-10-19 13:19:48,733] - NO entity or relation: <http://xmlns.com/foaf/0.1/givenName>
[2020-10-19 13:19:48,733] - NO entity or relation: <http://dbpedia.org/ontology/deathDate>
[2020-10-19 13:19:48,781] - NO entity or relation: <http://dbpedia.org/ontology/birthDate>
[2020-10-19 13:19:48,781] - NO entity or relation: <http://dbpedia.org/ontology/abstract>
[2020-10-19 13:19:48,781] - NO entity or relation: <http://xmlns.com/foaf/0.1/surname>
[2020-10-19 13:19:48,781] - NO entity or relation: <http://xmlns.com/foaf/0.1/name>
[2020-10-19 13:19:48,781] - NO entity or relation: <http://xmlns.com/foaf/0.1/name>
[2020-10-19 13:19:48,781] - NO entity or relation: <http://purl.org/dc/elements/1.1/description>
[2020-10-19 13:19:48,781] - NO entity or relation: <http://xmlns.com/foaf/0.1/givenName>
[2020-10-19 13:19:48,781] - NO entity or relation: <http://dbpedia.org/ontology/deathDate>
[2020-10-19 13:19:48,781] - NO entity or relation: <http://dbpedia.org/ontology/birthDate>
[2020-10-19 13:19:48,781] - NO entity or relation: <http://dbpedia.org/ontology/abstract>
[2020-10-19 13:19:48,781] - NO entity or relation: <http://xmlns.com/foaf/0.1/surname>
[2020-10-19 13:19:48,781] - NO entity or relation: <http://xmlns.com/foaf/0.1/name>
[2020-10-19 13:19:48,781] - NO entity or relation: <http://xmlns.com/foaf/0.1/name>
[2020-10-19 13:19:48,781] - NO entity or relation: <http://purl.org/dc/elements/1.1/description>
[2020-10-19 13:19:48,781] - NO entity or relation: <http://xmlns.com/foaf/0.1/givenName>
[2020-10-19 13:19:48,781] - NO entity or relation: <http://dbpedia.org/ontology/deathDate>
[2020-10-19 13:19:48,781] - NO entity or relation: <http://dbpedia.org/ontology/birthDate>
[2020-10-19 13:19:48,781] - NO entity or relation: <http://dbpedia.org/ontology/abstract>
[2020-10-19 13:19:48,781] - NO entity or relation: <http://xmlns.com/foaf/0.1/surname>
[2020-10-19 13:19:48,781] - NO entity or relation: <http://xmlns.com/foaf/0.1/name>
[2020-10-19 13:19:48,781] - NO entity or relation: <http://purl.org/dc/elements/1.1/description>
[2020-10-19 13:19:48,781] - NO entity or relation: <http://xmlns.com/foaf/0.1/givenName>
[2020-10-19 13:19:48,781] - NO entity or relation: <http://dbpedia.org/ontology/deathDate>
[2020-10-19 13:19:48,781] - NO entity or relation: <http://dbpedia.org/ontology/birthDate>
[2020-10-19 13:19:48,781] - NO entity or relation: <http://dbpedia.org/ontology/abstract>
[2020-10-19 13:19:48,781] - NO entity or relation: <http://xmlns.com/foaf/0.1/name>
[2020-10-19 13:19:48,781] - NO entity or relation: <http://purl.org/dc/elements/1.1/description>
[2020-10-19 13:19:48,781] - NO entity or relation: <http://dbpedia.org/ontology/deathDate>
[2020-10-19 13:19:48,782] - NO entity or relation: <http://dbpedia.org/ontology/birthDate>
[2020-10-19 13:19:48,782] - NO entity or relation: <http://dbpedia.org/ontology/abstract>
[2020-10-19 13:19:48,782] - NO entity or relation: <http://xmlns.com/foaf/0.1/name>
[2020-10-19 13:19:48,782] - NO entity or relation: <http://purl.org/dc/elements/1.1/description>
[2020-10-19 13:19:48,782] - NO entity or relation: <http://dbpedia.org/ontology/deathDate>
[2020-10-19 13:19:48,829] - NO entity or relation: <http://dbpedia.org/ontology/abstract>
[2020-10-19 13:19:48,829] - NO entity or relation: <http://xmlns.com/foaf/0.1/surname>
[2020-10-19 13:19:48,829] - NO entity or relation: <http://xmlns.com/foaf/0.1/name>
[2020-10-19 13:19:48,829] - NO entity or relation: <http://xmlns.com/foaf/0.1/givenName>
[2020-10-19 13:19:48,829] - NO entity or relation: <http://dbpedia.org/ontology/activeYearsStartYear>
[2020-10-19 13:19:48,829] - NO entity or relation: <http://dbpedia.org/ontology/abstract>
[2020-10-19 13:19:48,829] - NO entity or relation: <http://xmlns.com/foaf/0.1/surname>
[2020-10-19 13:19:48,829] - NO entity or relation: <http://xmlns.com/foaf/0.1/name>
[2020-10-19 13:19:48,829] - NO entity or relation: <http://purl.org/dc/elements/1.1/description>
[2020-10-19 13:19:48,829] - NO entity or relation: <http://xmlns.com/foaf/0.1/givenName>
[2020-10-19 13:19:48,829] - NO entity or relation: <http://dbpedia.org/ontology/abstract>
[2020-10-19 13:19:48,829] - NO entity or relation: <http://xmlns.com/foaf/0.1/surname>
[2020-10-19 13:19:48,829] - NO entity or relation: <http://xmlns.com/foaf/0.1/name>
[2020-10-19 13:19:48,829] - NO entity or relation: <http://xmlns.com/foaf/0.1/givenName>
[2020-10-19 13:19:48,829] - NO entity or relation: <http://dbpedia.org/ontology/activeYearsStartYear>
[2020-10-19 13:19:48,843] - NO entity or relation: <http://dbpedia.org/ontology/abstract>
[2020-10-19 13:19:48,843] - NO entity or relation: <http://xmlns.com/foaf/0.1/surname>
[2020-10-19 13:19:48,844] - NO entity or relation: <http://xmlns.com/foaf/0.1/name>
[2020-10-19 13:19:48,844] - NO entity or relation: <http://xmlns.com/foaf/0.1/givenName>
[2020-10-19 13:19:48,844] - NO entity or relation: <http://dbpedia.org/ontology/activeYearsStartYear>
[2020-10-19 13:19:48,889] - NO entity or relation: <http://dbpedia.org/ontology/birthDate>
[2020-10-19 13:19:48,889] - NO entity or relation: <http://dbpedia.org/ontology/abstract>
[2020-10-19 13:19:48,889] - NO entity or relation: <http://xmlns.com/foaf/0.1/surname>
[2020-10-19 13:19:48,889] - NO entity or relation: <http://xmlns.com/foaf/0.1/name>
[2020-10-19 13:19:48,889] - NO entity or relation: <http://xmlns.com/foaf/0.1/givenName>
[2020-10-19 13:19:48,889] - NO entity or relation: <http://dbpedia.org/ontology/activeYearsStartYear>
[2020-10-19 13:19:48,996] - NO entity or relation: <http://dbpedia.org/ontology/birthDate>
[2020-10-19 13:19:48,996] - NO entity or relation: <http://dbpedia.org/ontology/activeYearsStartYear>
[2020-10-19 13:19:48,996] - NO entity or relation: <http://dbpedia.org/ontology/birthYear>
[2020-10-19 13:19:48,996] - NO entity or relation: <http://dbpedia.org/ontology/abstract>
[2020-10-19 13:19:48,996] - NO entity or relation: <http://xmlns.com/foaf/0.1/surname>
[2020-10-19 13:19:48,996] - NO entity or relation: <http://xmlns.com/foaf/0.1/name>
[2020-10-19 13:19:48,996] - NO entity or relation: <http://purl.org/dc/elements/1.1/description>
[2020-10-19 13:19:48,996] - NO entity or relation: <http://xmlns.com/foaf/0.1/givenName>
[2020-10-19 13:19:48,996] - NO entity or relation: <http://dbpedia.org/ontology/birthName>
[2020-10-19 13:19:48,996] - NO entity or relation: <http://dbpedia.org/ontology/birthDate>
[2020-10-19 13:19:48,996] - NO entity or relation: <http://dbpedia.org/ontology/activeYearsStartYear>
[2020-10-19 13:19:48,996] - NO entity or relation: <http://dbpedia.org/ontology/birthYear>
[2020-10-19 13:19:48,996] - NO entity or relation: <http://dbpedia.org/ontology/abstract>
[2020-10-19 13:19:48,996] - NO entity or relation: <http://xmlns.com/foaf/0.1/surname>
[2020-10-19 13:19:48,996] - NO entity or relation: <http://xmlns.com/foaf/0.1/name>
[2020-10-19 13:19:48,996] - NO entity or relation: <http://purl.org/dc/elements/1.1/description>
[2020-10-19 13:19:48,996] - NO entity or relation: <http://xmlns.com/foaf/0.1/givenName>
[2020-10-19 13:19:48,996] - NO entity or relation: <http://dbpedia.org/ontology/birthName>
[2020-10-19 13:19:48,997] - NO entity or relation: <http://dbpedia.org/resource/Category:Saint-Quentin_arrondissement_geography_stubs>
[2020-10-19 13:19:48,997] - NO entity or relation: <http://dbpedia.org/resource/Category:Works_by_Quentin_Tarantino>
[2020-10-19 13:19:48,997] - NO entity or relation: <http://www.w3.org/2003/01/geo/wgs84_pos#lat>
[2020-10-19 13:19:48,997] - NO entity or relation: <http://www.w3.org/2003/01/geo/wgs84_pos#long>
[2020-10-19 13:19:48,997] - NO entity or relation: <http://dbpedia.org/ontology/abstract>
[2020-10-19 13:19:48,997] - NO entity or relation: <http://www.georss.org/georss/point>
[2020-10-19 13:19:48,997] - NO entity or relation: <http://xmlns.com/foaf/0.1/name>
[2020-10-19 13:19:48,997] - NO entity or relation: <http://dbpedia.org/ontology/areaCode>
[2020-10-19 13:19:48,997] - NO entity or relation: <http://dbpedia.org/ontology/gridReference>
[2020-10-19 13:19:48,997] - NO entity or relation: <http://dbpedia.org/ontology/postalCode>
[2020-10-19 13:19:48,997] - NO entity or relation: <http://dbpedia.org/ontology/birthDate>
[2020-10-19 13:19:48,997] - NO entity or relation: <http://dbpedia.org/ontology/abstract>
[2020-10-19 13:19:48,997] - NO entity or relation: <http://xmlns.com/foaf/0.1/surname>
[2020-10-19 13:19:48,997] - NO entity or relation: <http://xmlns.com/foaf/0.1/name>
[2020-10-19 13:19:48,997] - NO entity or relation: <http://purl.org/dc/elements/1.1/description>
[2020-10-19 13:19:48,997] - NO entity or relation: <http://xmlns.com/foaf/0.1/givenName>
[2020-10-19 13:19:48,997] - NO entity or relation: <http://dbpedia.org/ontology/birthName>
[2020-10-19 13:19:48,997] - NO entity or relation: <http://dbpedia.org/ontology/activeYearsStartYear>
[2020-10-19 13:19:48,997] - NO entity or relation: <http://dbpedia.org/ontology/birthYear>
[2020-10-19 13:19:48,997] - NO entity or relation: <http://dbpedia.org/ontology/birthDate>
[2020-10-19 13:19:48,997] - NO entity or relation: <http://dbpedia.org/ontology/abstract>
[2020-10-19 13:19:48,997] - NO entity or relation: <http://xmlns.com/foaf/0.1/surname>
[2020-10-19 13:19:48,997] - NO entity or relation: <http://xmlns.com/foaf/0.1/name>
[2020-10-19 13:19:48,997] - NO entity or relation: <http://purl.org/dc/elements/1.1/description>
[2020-10-19 13:19:48,997] - NO entity or relation: <http://xmlns.com/foaf/0.1/givenName>
[2020-10-19 13:19:48,997] - NO entity or relation: <http://dbpedia.org/ontology/birthName>
[2020-10-19 13:19:48,997] - NO entity or relation: <http://dbpedia.org/ontology/activeYearsStartYear>
[2020-10-19 13:19:48,997] - NO entity or relation: <http://dbpedia.org/ontology/birthYear>
[2020-10-19 13:19:48,997] - NO entity or relation: <http://dbpedia.org/ontology/birthDate>
[2020-10-19 13:19:48,997] - NO entity or relation: <http://dbpedia.org/ontology/abstract>
[2020-10-19 13:19:48,997] - NO entity or relation: <http://xmlns.com/foaf/0.1/surname>
[2020-10-19 13:19:48,997] - NO entity or relation: <http://xmlns.com/foaf/0.1/name>
[2020-10-19 13:19:48,998] - NO entity or relation: <http://purl.org/dc/elements/1.1/description>
[2020-10-19 13:19:48,998] - NO entity or relation: <http://xmlns.com/foaf/0.1/givenName>
[2020-10-19 13:19:48,998] - NO entity or relation: <http://dbpedia.org/ontology/birthName>
[2020-10-19 13:19:48,998] - NO entity or relation: <http://dbpedia.org/ontology/activeYearsStartYear>
[2020-10-19 13:19:48,998] - NO entity or relation: <http://dbpedia.org/ontology/birthYear>
[2020-10-19 13:19:49,029] - NO entity or relation: <http://dbpedia.org/resource/Category:Wikipedian_Luton_Town_F.C._fans>
[2020-10-19 13:19:49,029] - NO entity or relation: <http://dbpedia.org/resource/Category:Luton_Town_F.C._templates>
[2020-10-19 13:19:49,029] - NO entity or relation: <http://dbpedia.org/resource/Category:Special_requirement_schools_in_Luton>
[2020-10-19 13:19:49,029] - NO entity or relation: <http://dbpedia.org/resource/Category:Wikipedian_Luton_Town_F.C._fans>
[2020-10-19 13:19:49,029] - NO entity or relation: <http://dbpedia.org/resource/Category:Luton_Town_F.C._templates>
[2020-10-19 13:19:49,029] - NO entity or relation: <http://dbpedia.org/resource/Category:Special_requirement_schools_in_Luton>
[2020-10-19 13:19:49,029] - NO entity or relation: <http://dbpedia.org/resource/Category:Wikipedian_Luton_Town_F.C._fans>
[2020-10-19 13:19:49,029] - NO entity or relation: <http://dbpedia.org/resource/Category:Luton_Town_F.C._templates>
[2020-10-19 13:19:49,029] - NO entity or relation: <http://dbpedia.org/resource/Category:Special_requirement_schools_in_Luton>
[2020-10-19 13:19:49,186] - NO entity or relation: <http://www.w3.org/2003/01/geo/wgs84_pos#lat>
[2020-10-19 13:19:49,186] - NO entity or relation: <http://www.w3.org/2003/01/geo/wgs84_pos#long>
[2020-10-19 13:19:49,186] - NO entity or relation: <http://dbpedia.org/ontology/abstract>
[2020-10-19 13:19:49,186] - NO entity or relation: <http://www.georss.org/georss/point>
[2020-10-19 13:19:49,186] - NO entity or relation: <http://xmlns.com/foaf/0.1/name>
[2020-10-19 13:19:49,192] - NO entity or relation: <http://dbpedia.org/ontology/abstract>
[2020-10-19 13:19:49,195] - NO entity or relation: <http://www.w3.org/2003/01/geo/wgs84_pos#lat>
[2020-10-19 13:19:49,195] - NO entity or relation: <http://www.w3.org/2003/01/geo/wgs84_pos#lat>
[2020-10-19 13:19:49,195] - NO entity or relation: <http://www.w3.org/2003/01/geo/wgs84_pos#long>
[2020-10-19 13:19:49,195] - NO entity or relation: <http://www.w3.org/2003/01/geo/wgs84_pos#long>
[2020-10-19 13:19:49,195] - NO entity or relation: <http://dbpedia.org/ontology/abstract>
[2020-10-19 13:19:49,195] - NO entity or relation: <http://www.georss.org/georss/point>
[2020-10-19 13:19:49,195] - NO entity or relation: <http://www.georss.org/georss/point>
[2020-10-19 13:19:49,195] - NO entity or relation: <http://xmlns.com/foaf/0.1/name>
[2020-10-19 13:19:49,195] - NO entity or relation: <http://dbpedia.org/ontology/areaTotal>
[2020-10-19 13:19:49,195] - NO entity or relation: <http://dbpedia.org/ontology/areaTotal>
[2020-10-19 13:19:49,195] - NO entity or relation: <http://dbpedia.org/ontology/demonym>
[2020-10-19 13:19:49,195] - NO entity or relation: <http://dbpedia.org/ontology/leaderTitle>
[2020-10-19 13:19:49,195] - NO entity or relation: <http://dbpedia.org/ontology/leaderTitle>
[2020-10-19 13:19:49,195] - NO entity or relation: <http://dbpedia.org/ontology/longName>
[2020-10-19 13:19:49,195] - NO entity or relation: <http://dbpedia.org/ontology/motto>
[2020-10-19 13:19:49,195] - NO entity or relation: <http://dbpedia.org/ontology/populationDensity>
[2020-10-19 13:19:49,195] - NO entity or relation: <http://dbpedia.org/ontology/populationDensity>
[2020-10-19 13:19:49,327] - NO entity or relation: <http://www.w3.org/2003/01/geo/wgs84_pos#lat>
[2020-10-19 13:19:49,327] - NO entity or relation: <http://www.w3.org/2003/01/geo/wgs84_pos#lat>
[2020-10-19 13:19:49,327] - NO entity or relation: <http://www.w3.org/2003/01/geo/wgs84_pos#long>
[2020-10-19 13:19:49,327] - NO entity or relation: <http://www.w3.org/2003/01/geo/wgs84_pos#long>
[2020-10-19 13:19:49,327] - NO entity or relation: <http://www.georss.org/georss/point>
[2020-10-19 13:19:49,327] - NO entity or relation: <http://www.georss.org/georss/point>
[2020-10-19 13:19:49,327] - NO entity or relation: <http://dbpedia.org/ontology/populationDensity>
[2020-10-19 13:19:49,327] - NO entity or relation: <http://dbpedia.org/ontology/populationDensity>
[2020-10-19 13:19:49,327] - NO entity or relation: <http://dbpedia.org/ontology/populationDensity>
[2020-10-19 13:19:49,327] - NO entity or relation: <http://dbpedia.org/ontology/populationDensity>
[2020-10-19 13:19:49,327] - NO entity or relation: <http://dbpedia.org/ontology/populationDensity>
[2020-10-19 13:19:49,327] - NO entity or relation: <http://dbpedia.org/ontology/populationDensity>
[2020-10-19 13:19:49,327] - NO entity or relation: <http://www.w3.org/2003/01/geo/wgs84_pos#lat>
[2020-10-19 13:19:49,327] - NO entity or relation: <http://www.w3.org/2003/01/geo/wgs84_pos#lat>
[2020-10-19 13:19:49,327] - NO entity or relation: <http://www.w3.org/2003/01/geo/wgs84_pos#long>
[2020-10-19 13:19:49,327] - NO entity or relation: <http://www.w3.org/2003/01/geo/wgs84_pos#long>
[2020-10-19 13:19:49,327] - NO entity or relation: <http://www.georss.org/georss/point>
[2020-10-19 13:19:49,327] - NO entity or relation: <http://www.georss.org/georss/point>
[2020-10-19 13:19:49,327] - NO entity or relation: <http://dbpedia.org/ontology/populationDensity>
[2020-10-19 13:19:49,327] - NO entity or relation: <http://dbpedia.org/ontology/populationDensity>
[2020-10-19 13:19:49,327] - NO entity or relation: <http://www.w3.org/2003/01/geo/wgs84_pos#lat>
[2020-10-19 13:19:49,327] - NO entity or relation: <http://www.w3.org/2003/01/geo/wgs84_pos#lat>
[2020-10-19 13:19:49,327] - NO entity or relation: <http://www.w3.org/2003/01/geo/wgs84_pos#long>
[2020-10-19 13:19:49,327] - NO entity or relation: <http://www.w3.org/2003/01/geo/wgs84_pos#long>
[2020-10-19 13:19:49,327] - NO entity or relation: <http://dbpedia.org/ontology/abstract>
[2020-10-19 13:19:49,327] - NO entity or relation: <http://www.georss.org/georss/point>
[2020-10-19 13:19:49,327] - NO entity or relation: <http://www.georss.org/georss/point>
[2020-10-19 13:19:49,327] - NO entity or relation: <http://xmlns.com/foaf/0.1/name>
[2020-10-19 13:19:49,327] - NO entity or relation: <http://dbpedia.org/ontology/areaTotal>
[2020-10-19 13:19:49,327] - NO entity or relation: <http://dbpedia.org/ontology/areaTotal>
[2020-10-19 13:19:49,327] - NO entity or relation: <http://dbpedia.org/ontology/demonym>
[2020-10-19 13:19:49,327] - NO entity or relation: <http://dbpedia.org/ontology/leaderTitle>
[2020-10-19 13:19:49,327] - NO entity or relation: <http://dbpedia.org/ontology/leaderTitle>
[2020-10-19 13:19:49,327] - NO entity or relation: <http://dbpedia.org/ontology/longName>
[2020-10-19 13:19:49,327] - NO entity or relation: <http://dbpedia.org/ontology/motto>
[2020-10-19 13:19:49,327] - NO entity or relation: <http://dbpedia.org/ontology/populationDensity>
[2020-10-19 13:19:49,327] - NO entity or relation: <http://dbpedia.org/ontology/populationDensity>
[2020-10-19 13:19:49,327] - NO entity or relation: <http://dbpedia.org/ontology/populationDensity>
[2020-10-19 13:19:49,327] - NO entity or relation: <http://dbpedia.org/ontology/populationDensity>
[2020-10-19 13:19:49,328] - NO entity or relation: <http://www.w3.org/2003/01/geo/wgs84_pos#lat>
[2020-10-19 13:19:49,328] - NO entity or relation: <http://www.w3.org/2003/01/geo/wgs84_pos#lat>
[2020-10-19 13:19:49,328] - NO entity or relation: <http://www.w3.org/2003/01/geo/wgs84_pos#long>
[2020-10-19 13:19:49,328] - NO entity or relation: <http://www.w3.org/2003/01/geo/wgs84_pos#long>
[2020-10-19 13:19:49,328] - NO entity or relation: <http://www.georss.org/georss/point>
[2020-10-19 13:19:49,328] - NO entity or relation: <http://www.georss.org/georss/point>
[2020-10-19 13:19:49,328] - NO entity or relation: <http://dbpedia.org/ontology/populationDensity>
[2020-10-19 13:19:49,328] - NO entity or relation: <http://dbpedia.org/ontology/populationDensity>
[2020-10-19 13:19:49,328] - NO entity or relation: <http://www.w3.org/2003/01/geo/wgs84_pos#lat>
[2020-10-19 13:19:49,328] - NO entity or relation: <http://www.w3.org/2003/01/geo/wgs84_pos#lat>
[2020-10-19 13:19:49,328] - NO entity or relation: <http://www.w3.org/2003/01/geo/wgs84_pos#long>
[2020-10-19 13:19:49,328] - NO entity or relation: <http://www.w3.org/2003/01/geo/wgs84_pos#long>
[2020-10-19 13:19:49,328] - NO entity or relation: <http://dbpedia.org/ontology/abstract>
[2020-10-19 13:19:49,328] - NO entity or relation: <http://www.georss.org/georss/point>
[2020-10-19 13:19:49,328] - NO entity or relation: <http://www.georss.org/georss/point>
[2020-10-19 13:19:49,328] - NO entity or relation: <http://xmlns.com/foaf/0.1/name>
[2020-10-19 13:19:49,328] - NO entity or relation: <http://dbpedia.org/ontology/areaTotal>
[2020-10-19 13:19:49,328] - NO entity or relation: <http://dbpedia.org/ontology/areaTotal>
[2020-10-19 13:19:49,328] - NO entity or relation: <http://dbpedia.org/ontology/demonym>
[2020-10-19 13:19:49,328] - NO entity or relation: <http://dbpedia.org/ontology/leaderTitle>
[2020-10-19 13:19:49,328] - NO entity or relation: <http://dbpedia.org/ontology/leaderTitle>
[2020-10-19 13:19:49,328] - NO entity or relation: <http://dbpedia.org/ontology/longName>
[2020-10-19 13:19:49,328] - NO entity or relation: <http://dbpedia.org/ontology/motto>
[2020-10-19 13:19:49,328] - NO entity or relation: <http://dbpedia.org/ontology/populationDensity>
[2020-10-19 13:19:49,328] - NO entity or relation: <http://dbpedia.org/ontology/populationDensity>
[2020-10-19 13:19:49,328] - NO entity or relation: <http://dbpedia.org/ontology/populationDensity>
[2020-10-19 13:19:49,328] - NO entity or relation: <http://dbpedia.org/ontology/populationDensity>
[2020-10-19 13:19:49,328] - NO entity or relation: <http://dbpedia.org/ontology/populationDensity>
[2020-10-19 13:19:49,328] - NO entity or relation: <http://dbpedia.org/ontology/populationDensity>
[2020-10-19 13:19:49,328] - NO entity or relation: <http://www.w3.org/2003/01/geo/wgs84_pos#lat>
[2020-10-19 13:19:49,328] - NO entity or relation: <http://www.w3.org/2003/01/geo/wgs84_pos#lat>
[2020-10-19 13:19:49,328] - NO entity or relation: <http://www.w3.org/2003/01/geo/wgs84_pos#long>
[2020-10-19 13:19:49,328] - NO entity or relation: <http://www.w3.org/2003/01/geo/wgs84_pos#long>
[2020-10-19 13:19:49,328] - NO entity or relation: <http://dbpedia.org/ontology/abstract>
[2020-10-19 13:19:49,328] - NO entity or relation: <http://www.georss.org/georss/point>
[2020-10-19 13:19:49,328] - NO entity or relation: <http://www.georss.org/georss/point>
[2020-10-19 13:19:49,328] - NO entity or relation: <http://xmlns.com/foaf/0.1/name>
[2020-10-19 13:19:49,328] - NO entity or relation: <http://dbpedia.org/ontology/areaTotal>
[2020-10-19 13:19:49,328] - NO entity or relation: <http://dbpedia.org/ontology/areaTotal>
[2020-10-19 13:19:49,328] - NO entity or relation: <http://dbpedia.org/ontology/demonym>
[2020-10-19 13:19:49,328] - NO entity or relation: <http://dbpedia.org/ontology/leaderTitle>
[2020-10-19 13:19:49,328] - NO entity or relation: <http://dbpedia.org/ontology/leaderTitle>
[2020-10-19 13:19:49,328] - NO entity or relation: <http://dbpedia.org/ontology/longName>
[2020-10-19 13:19:49,328] - NO entity or relation: <http://dbpedia.org/ontology/motto>
[2020-10-19 13:19:49,329] - NO entity or relation: <http://dbpedia.org/ontology/populationDensity>
[2020-10-19 13:19:49,329] - NO entity or relation: <http://dbpedia.org/ontology/populationDensity>
[2020-10-19 13:19:49,329] - NO entity or relation: <http://dbpedia.org/ontology/populationDensity>
[2020-10-19 13:19:49,329] - NO entity or relation: <http://dbpedia.org/ontology/populationDensity>
[2020-10-19 13:19:49,329] - NO entity or relation: <http://dbpedia.org/ontology/populationDensity>
[2020-10-19 13:19:49,329] - NO entity or relation: <http://dbpedia.org/ontology/populationDensity>
[2020-10-19 13:19:49,329] - NO entity or relation: <http://dbpedia.org/ontology/populationDensity>
[2020-10-19 13:19:49,329] - NO entity or relation: <http://dbpedia.org/ontology/populationDensity>
[2020-10-19 13:19:49,329] - NO entity or relation: <http://dbpedia.org/ontology/populationDensity>
[2020-10-19 13:19:49,329] - NO entity or relation: <http://dbpedia.org/ontology/populationDensity>
[2020-10-19 13:19:49,329] - NO entity or relation: <http://dbpedia.org/ontology/populationDensity>
[2020-10-19 13:19:49,329] - NO entity or relation: <http://dbpedia.org/ontology/populationDensity>
[2020-10-19 13:19:49,329] - NO entity or relation: <http://dbpedia.org/ontology/populationDensity>
[2020-10-19 13:19:49,329] - NO entity or relation: <http://dbpedia.org/ontology/populationDensity>
[2020-10-19 13:19:49,329] - NO entity or relation: <http://dbpedia.org/ontology/populationDensity>
[2020-10-19 13:19:49,329] - NO entity or relation: <http://dbpedia.org/ontology/populationDensity>
[2020-10-19 13:19:49,329] - NO entity or relation: <http://dbpedia.org/ontology/populationDensity>
[2020-10-19 13:19:49,329] - NO entity or relation: <http://dbpedia.org/ontology/populationDensity>
[2020-10-19 13:19:49,329] - NO entity or relation: <http://dbpedia.org/ontology/populationDensity>
[2020-10-19 13:19:49,329] - NO entity or relation: <http://dbpedia.org/ontology/populationDensity>
[2020-10-19 13:19:49,329] - NO entity or relation: <http://dbpedia.org/ontology/populationDensity>
[2020-10-19 13:19:49,329] - NO entity or relation: <http://dbpedia.org/ontology/populationDensity>
[2020-10-19 13:19:49,329] - NO entity or relation: <http://dbpedia.org/ontology/populationDensity>
[2020-10-19 13:19:49,329] - NO entity or relation: <http://dbpedia.org/ontology/populationDensity>
[2020-10-19 13:19:49,342] - unique entities: [143386, 6109, 468, 50405, 50220, 5114, 51025, 183291, 104142, 398, 52659, 81628, 920, 55066, 49251]
[2020-10-19 13:19:49,342] - unique relations: [1, 89, 1, 55, 6, 0, 29, 138, 16, 0, 20, 0, 0, 11, 47]
[2020-10-19 13:19:49,342] - unique entities avg: 55605.4666667
[2020-10-19 13:19:49,342] - unique relations avg: 27.5333333333
loading from: ../dbpedia3.9/
Loaded: <_io.TextIOWrapper name='../dbpedia3.9//long_abstract_en_mod.nt.gz' encoding='UTF-8'>
Loaded: <_io.TextIOWrapper name='../dbpedia3.9//topical_concepts_en.nt.gz' encoding='UTF-8'>
Loaded: <_io.TextIOWrapper name='../dbpedia3.9//mappingbased_properties_en.nt.gz' encoding='UTF-8'>
Loaded: <_io.TextIOWrapper name='../dbpedia3.9//instance_types_en.nt.gz' encoding='UTF-8'>
Loaded: <_io.TextIOWrapper name='../dbpedia3.9//persondata_en.nt.gz' encoding='UTF-8'>
Loaded: <_io.TextIOWrapper name='../dbpedia3.9//article_categories_en.nt.gz' encoding='UTF-8'>
Loaded: <_io.TextIOWrapper name='../dbpedia3.9//geo_coordinates_en.nt.gz' encoding='UTF-8'>
Loaded: <_io.TextIOWrapper name='../dbpedia3.9//category_labels_en.nt.gz' encoding='UTF-8'>
